<?xml version="1.0" encoding="UTF-8"?>
<testsuite xmlns:xsi="http://www.w3.org/2001/XMLSchema-instance" xsi:noNamespaceSchemaLocation="https://maven.apache.org/surefire/maven-surefire-plugin/xsd/surefire-test-report-3.0.xsd" version="3.0" name="com.litethinking.gateway.infrastructure.filter.JwtAuthenticationFilterTest" time="0.223" tests="3" errors="0" skipped="0" failures="0">
  <properties>
[...]
</properties>
  <testcase name="filter_returns401_whenTokenIsInvalid" classname="com.litethinking.gateway.infrastructure.filter.JwtAuthenticationFilterTest" time="0.217"/>
  <testcase name="filter_skipsValidation_forPublicRoute" classname="com.litethinking.gateway.infrastructure.filter.JwtAuthenticationFilterTest" time="0.003"/>
  <testcase name="filter_returns401_whenNoAuthorizationHeader" classname="com.litethinking.gateway.infrastructure.filter.JwtAuthenticationFilterTest" time="0.002"/>
</testsuite>